<?xml version="1.0" encoding="UTF-8"?>
<testsuite xmlns:xsi="http://www.w3.org/2001/XMLSchema-instance" xsi:noNamespaceSchemaLocation="https://maven.apache.org/surefire/maven-surefire-plugin/xsd/surefire-test-report.xsd" name="com.accenture.AppTest" time="0.015" tests="1" errors="0" skipped="0" failures="0">
  <properties>
    <property name="java.specification.version" value="17"/>
    <property name="sun.jnu.encoding" value="UTF-8"/>
    <property name="java.class.path" value="/Users/daph/Documents/workspace-spring-tool-suite-4-4.17.0.RELEASE/DemoProject/target/test-classes:/Users/daph/Documents/workspace-spring-tool-suite-4-4.17.0.RELEASE/DemoProject/target/classes:/Users/daph/.m2/repository/junit/junit/4.11/junit-4.11.jar:/Users/daph/.m2/repository/org/hamcrest/hamcrest-core/1.3/hamcrest-core-1.3.jar:/Users/daph/.m2/repository/org/springframework/spring-context/6.0.0/spring-context-6.0.0.jar:/Users/daph/.m2/repository/org/springframework/spring-aop/6.0.0/spring-aop-6.0.0.jar:/Users/daph/.m2/repository/org/springframework/spring-beans/6.0.0/spring-beans-6.0.0.jar:/Users/daph/.m2/repository/org/springframework/spring-expression/6.0.0/spring-expression-6.0.0.jar:/Users/daph/.m2/repository/org/springframework/spring-core/6.0.0/spring-core-6.0.0.jar:/Users/daph/.m2/repository/org/springframework/spring-jcl/6.0.0/spring-jcl-6.0.0.jar:/Users/daph/.m2/repository/com/mysql/mysql-connector-j/8.0.31/mysql-connector-j-8.0.31.jar:/Users/daph/.m2/repository/com/google/protobuf/protobuf-java/3.19.4/protobuf-java-3.19.4.jar:"/>
    <property name="java.vm.vendor" value="Eclipse Adoptium"/>
    <property name="sun.arch.data.model" value="64"/>
    <property name="java.vendor.url" value="https://adoptium.net/"/>
    <property name="os.name" value="Mac OS X"/>
    <property name="java.vm.specification.version" value="17"/>
    <property name="sun.java.launcher" value="SUN_STANDARD"/>
    <property name="user.country" value="GB"/>
    <property name="sun.boot.library.path" value="/Applications/SpringToolSuite4.app/Contents/Eclipse/plugins/org.eclipse.justj.openjdk.hotspot.jre.full.macosx.aarch64_17.0.5.v20221102-0933/jre/lib"/>
    <property name="sun.java.command" value="/Users/daph/Documents/workspace-spring-tool-suite-4-4.17.0.RELEASE/DemoProject/target/surefire/surefirebooter1839844219535871021.jar /Users/daph/Documents/workspace-spring-tool-suite-4-4.17.0.RELEASE/DemoProject/target/surefire 2022-12-28T11-55-56_027-jvmRun1 surefire17189553677795570787tmp surefire_015435870448255837715tmp"/>
    <property name="http.nonProxyHosts" value="local|*.local|169.254/16|*.169.254/16"/>
    <property name="jdk.debug" value="release"/>
    <property name="surefire.test.class.path" value="/Users/daph/Documents/workspace-spring-tool-suite-4-4.17.0.RELEASE/DemoProject/target/test-classes:/Users/daph/Documents/workspace-spring-tool-suite-4-4.17.0.RELEASE/DemoProject/target/classes:/Users/daph/.m2/repository/junit/junit/4.11/junit-4.11.jar:/Users/daph/.m2/repository/org/hamcrest/hamcrest-core/1.3/hamcrest-core-1.3.jar:/Users/daph/.m2/repository/org/springframework/spring-context/6.0.0/spring-context-6.0.0.jar:/Users/daph/.m2/repository/org/springframework/spring-aop/6.0.0/spring-aop-6.0.0.jar:/Users/daph/.m2/repository/org/springframework/spring-beans/6.0.0/spring-beans-6.0.0.jar:/Users/daph/.m2/repository/org/springframework/spring-expression/6.0.0/spring-expression-6.0.0.jar:/Users/daph/.m2/repository/org/springframework/spring-core/6.0.0/spring-core-6.0.0.jar:/Users/daph/.m2/repository/org/springframework/spring-jcl/6.0.0/spring-jcl-6.0.0.jar:/Users/daph/.m2/repository/com/mysql/mysql-connector-j/8.0.31/mysql-connector-j-8.0.31.jar:/Users/daph/.m2/repository/com/google/protobuf/protobuf-java/3.19.4/protobuf-java-3.19.4.jar:"/>
    <property name="sun.cpu.endian" value="little"/>
    <property name="user.home" value="/Users/daph"/>
    <property name="user.language" value="en"/>
    <property name="java.specification.vendor" value="Oracle Corporation"/>
    <property name="java.version.date" value="2022-10-18"/>
    <property name="java.home" value="/Applications/SpringToolSuite4.app/Contents/Eclipse/plugins/org.eclipse.justj.openjdk.hotspot.jre.full.macosx.aarch64_17.0.5.v20221102-0933/jre"/>
    <property name="file.separator" value="/"/>
    <property name="style.color" value="always"/>
    <property name="basedir" value="/Users/daph/Documents/workspace-spring-tool-suite-4-4.17.0.RELEASE/DemoProject"/>
    <property name="java.vm.compressedOopsMode" value="Zero based"/>
    <property name="line.separator" value="&#10;"/>
    <property name="java.vm.specification.vendor" value="Oracle Corporation"/>
    <property name="java.specification.name" value="Java Platform API Specification"/>
    <property name="surefire.real.class.path" value="/Users/daph/Documents/workspace-spring-tool-suite-4-4.17.0.RELEASE/DemoProject/target/surefire/surefirebooter1839844219535871021.jar"/>
    <property name="sun.management.compiler" value="HotSpot 64-Bit Tiered Compilers"/>
    <property name="ftp.nonProxyHosts" value="local|*.local|169.254/16|*.169.254/16"/>
    <property name="java.runtime.version" value="17.0.5+8"/>
    <property name="user.name" value="daph"/>
    <property name="path.separator" value=":"/>
    <property name="os.version" value="12.5.1"/>
    <property name="java.runtime.name" value="OpenJDK Runtime Environment"/>
    <property name="file.encoding" value="UTF-8"/>
    <property name="java.vm.name" value="OpenJDK 64-Bit Server VM"/>
    <property name="java.vendor.version" value="Temurin-17.0.5+8"/>
    <property name="localRepository" value="/Users/daph/.m2/repository"/>
    <property name="java.vendor.url.bug" value="https://github.com/adoptium/adoptium-support/issues"/>
    <property name="java.io.tmpdir" value="/var/folders/23/8wm2hg8n0szbj0gl456ss0hm0000gn/T/"/>
    <property name="java.version" value="17.0.5"/>
    <property name="user.dir" value="/Users/daph/Documents/workspace-spring-tool-suite-4-4.17.0.RELEASE/DemoProject"/>
    <property name="os.arch" value="aarch64"/>
    <property name="java.vm.specification.name" value="Java Virtual Machine Specification"/>
    <property name="native.encoding" value="UTF-8"/>
    <property name="java.library.path" value="/Users/daph/Library/Java/Extensions:/Library/Java/Extensions:/Network/Library/Java/Extensions:/System/Library/Java/Extensions:/usr/lib/java:."/>
    <property name="java.vm.info" value="mixed mode"/>
    <property name="java.vendor" value="Eclipse Adoptium"/>
    <property name="java.vm.version" value="17.0.5+8"/>
    <property name="sun.io.unicode.encoding" value="UnicodeBig"/>
    <property name="socksNonProxyHosts" value="local|*.local|169.254/16|*.169.254/16"/>
    <property name="java.class.version" value="61.0"/>
  </properties>
  <testcase name="shouldAnswerWithTrue" classname="com.accenture.AppTest" time="0"/>
</testsuite>